{"/Users/ferdiardiansa/Desktop/Development/zion.io/packages/dm/src/libs/utils/index.ts": {"path":"/Users/ferdiardiansa/Desktop/Development/zion.io/packages/dm/src/libs/utils/index.ts","statementMap":{},"fnMap":{},"branchMap":{},"s":{},"f":{},"b":{},"_coverageSchema":"1a1c01bbd47fc00a2c39e90264f33305004495a9","hash":"d619baa5ead9c32612c9f98d096b0e2f6cee621a"}
,"/Users/ferdiardiansa/Desktop/Development/zion.io/packages/dm/src/libs/utils/object/index.ts": {"path":"/Users/ferdiardiansa/Desktop/Development/zion.io/packages/dm/src/libs/utils/object/index.ts","statementMap":{"0":{"start":{"line":10,"column":2},"end":{"line":10,"column":76}},"1":{"start":{"line":20,"column":2},"end":{"line":20,"column":31}},"2":{"start":{"line":20,"column":19},"end":{"line":20,"column":31}},"3":{"start":{"line":21,"column":2},"end":{"line":21,"column":51}}},"fnMap":{"0":{"name":"insertObjectAt","decl":{"start":{"line":9,"column":16},"end":{"line":9,"column":30}},"loc":{"start":{"line":9,"column":81},"end":{"line":11,"column":1}},"line":9},"1":{"name":"isIterable","decl":{"start":{"line":19,"column":16},"end":{"line":19,"column":26}},"loc":{"start":{"line":19,"column":32},"end":{"line":22,"column":1}},"line":19}},"branchMap":{"0":{"loc":{"start":{"line":20,"column":2},"end":{"line":20,"column":31}},"type":"if","locations":[{"start":{"line":20,"column":2},"end":{"line":20,"column":31}},{"start":{},"end":{}}],"line":20}},"s":{"0":5,"1":6,"2":0,"3":6},"f":{"0":5,"1":6},"b":{"0":[0,6]},"_coverageSchema":"1a1c01bbd47fc00a2c39e90264f33305004495a9","hash":"6269d32292479d1153cc01b0d25bd19cf2d82476"}
,"/Users/ferdiardiansa/Desktop/Development/zion.io/packages/dm/src/libs/utils/search/index.ts": {"path":"/Users/ferdiardiansa/Desktop/Development/zion.io/packages/dm/src/libs/utils/search/index.ts","statementMap":{"0":{"start":{"line":4,"column":2},"end":{"line":10,"column":3}},"1":{"start":{"line":5,"column":4},"end":{"line":9,"column":51}},"2":{"start":{"line":6,"column":6},"end":{"line":8,"column":7}},"3":{"start":{"line":7,"column":8},"end":{"line":7,"column":21}},"4":{"start":{"line":9,"column":11},"end":{"line":9,"column":51}},"5":{"start":{"line":9,"column":38},"end":{"line":9,"column":51}},"6":{"start":{"line":12,"column":2},"end":{"line":12,"column":13}},"7":{"start":{"line":20,"column":2},"end":{"line":20,"column":33}},"8":{"start":{"line":20,"column":23},"end":{"line":20,"column":33}},"9":{"start":{"line":21,"column":18},"end":{"line":35,"column":3}},"10":{"start":{"line":22,"column":4},"end":{"line":22,"column":39}},"11":{"start":{"line":22,"column":22},"end":{"line":22,"column":39}},"12":{"start":{"line":24,"column":4},"end":{"line":24,"column":43}},"13":{"start":{"line":24,"column":32},"end":{"line":24,"column":43}},"14":{"start":{"line":26,"column":16},"end":{"line":26,"column":56}},"15":{"start":{"line":28,"column":4},"end":{"line":34,"column":5}},"16":{"start":{"line":29,"column":6},"end":{"line":29,"column":40}},"17":{"start":{"line":30,"column":11},"end":{"line":34,"column":5}},"18":{"start":{"line":31,"column":6},"end":{"line":31,"column":41}},"19":{"start":{"line":33,"column":6},"end":{"line":33,"column":16}},"20":{"start":{"line":37,"column":24},"end":{"line":37,"column":33}},"21":{"start":{"line":39,"column":2},"end":{"line":42,"column":3}},"22":{"start":{"line":40,"column":4},"end":{"line":41,"column":18}},"23":{"start":{"line":40,"column":45},"end":{"line":40,"column":65}},"24":{"start":{"line":41,"column":9},"end":{"line":41,"column":18}},"25":{"start":{"line":44,"column":2},"end":{"line":44,"column":22}}},"fnMap":{"0":{"name":"findWithIterative","decl":{"start":{"line":3,"column":16},"end":{"line":3,"column":33}},"loc":{"start":{"line":3,"column":78},"end":{"line":13,"column":1}},"line":3},"1":{"name":"findWithBinary","decl":{"start":{"line":15,"column":16},"end":{"line":15,"column":30}},"loc":{"start":{"line":19,"column":2},"end":{"line":45,"column":1}},"line":19},"2":{"name":"(anonymous_2)","decl":{"start":{"line":21,"column":18},"end":{"line":21,"column":19}},"loc":{"start":{"line":21,"column":82},"end":{"line":35,"column":3}},"line":21}},"branchMap":{"0":{"loc":{"start":{"line":5,"column":4},"end":{"line":9,"column":51}},"type":"if","locations":[{"start":{"line":5,"column":4},"end":{"line":9,"column":51}},{"start":{"line":9,"column":11},"end":{"line":9,"column":51}}],"line":5},"1":{"loc":{"start":{"line":6,"column":6},"end":{"line":8,"column":7}},"type":"if","locations":[{"start":{"line":6,"column":6},"end":{"line":8,"column":7}},{"start":{},"end":{}}],"line":6},"2":{"loc":{"start":{"line":9,"column":11},"end":{"line":9,"column":51}},"type":"if","locations":[{"start":{"line":9,"column":11},"end":{"line":9,"column":51}},{"start":{},"end":{}}],"line":9},"3":{"loc":{"start":{"line":20,"column":2},"end":{"line":20,"column":33}},"type":"if","locations":[{"start":{"line":20,"column":2},"end":{"line":20,"column":33}},{"start":{},"end":{}}],"line":20},"4":{"loc":{"start":{"line":21,"column":19},"end":{"line":21,"column":40}},"type":"default-arg","locations":[{"start":{"line":21,"column":39},"end":{"line":21,"column":40}}],"line":21},"5":{"loc":{"start":{"line":21,"column":42},"end":{"line":21,"column":77}},"type":"default-arg","locations":[{"start":{"line":21,"column":63},"end":{"line":21,"column":77}}],"line":21},"6":{"loc":{"start":{"line":22,"column":4},"end":{"line":22,"column":39}},"type":"if","locations":[{"start":{"line":22,"column":4},"end":{"line":22,"column":39}},{"start":{},"end":{}}],"line":22},"7":{"loc":{"start":{"line":24,"column":4},"end":{"line":24,"column":43}},"type":"if","locations":[{"start":{"line":24,"column":4},"end":{"line":24,"column":43}},{"start":{},"end":{}}],"line":24},"8":{"loc":{"start":{"line":28,"column":4},"end":{"line":34,"column":5}},"type":"if","locations":[{"start":{"line":28,"column":4},"end":{"line":34,"column":5}},{"start":{"line":30,"column":11},"end":{"line":34,"column":5}}],"line":28},"9":{"loc":{"start":{"line":30,"column":11},"end":{"line":34,"column":5}},"type":"if","locations":[{"start":{"line":30,"column":11},"end":{"line":34,"column":5}},{"start":{"line":32,"column":11},"end":{"line":34,"column":5}}],"line":30},"10":{"loc":{"start":{"line":39,"column":2},"end":{"line":42,"column":3}},"type":"if","locations":[{"start":{"line":39,"column":2},"end":{"line":42,"column":3}},{"start":{},"end":{}}],"line":39},"11":{"loc":{"start":{"line":40,"column":4},"end":{"line":41,"column":18}},"type":"if","locations":[{"start":{"line":40,"column":4},"end":{"line":41,"column":18}},{"start":{"line":41,"column":9},"end":{"line":41,"column":18}}],"line":40}},"s":{"0":8,"1":25,"2":5,"3":2,"4":20,"5":4,"6":2,"7":10,"8":0,"9":10,"10":21,"11":1,"12":20,"13":1,"14":19,"15":19,"16":4,"17":15,"18":7,"19":8,"20":10,"21":10,"22":5,"23":2,"24":3,"25":5},"f":{"0":8,"1":10,"2":21},"b":{"0":[5,20],"1":[2,3],"2":[4,16],"3":[0,10],"4":[10],"5":[10],"6":[1,20],"7":[1,19],"8":[4,15],"9":[7,8],"10":[5,5],"11":[2,3]},"_coverageSchema":"1a1c01bbd47fc00a2c39e90264f33305004495a9","hash":"ce669ac720dccefa3a8049438bd99ee2fe8c46ec"}
,"/Users/ferdiardiansa/Desktop/Development/zion.io/packages/dm/src/pg/DBTree.ts": {"path":"/Users/ferdiardiansa/Desktop/Development/zion.io/packages/dm/src/pg/DBTree.ts","statementMap":{"0":{"start":{"line":11,"column":4},"end":{"line":11,"column":28}},"1":{"start":{"line":13,"column":4},"end":{"line":13,"column":49}},"2":{"start":{"line":13,"column":21},"end":{"line":13,"column":49}},"3":{"start":{"line":17,"column":4},"end":{"line":17,"column":76}},"4":{"start":{"line":17,"column":34},"end":{"line":17,"column":76}},"5":{"start":{"line":19,"column":4},"end":{"line":21,"column":5}},"6":{"start":{"line":20,"column":6},"end":{"line":20,"column":23}},"7":{"start":{"line":25,"column":4},"end":{"line":25,"column":118}},"8":{"start":{"line":25,"column":43},"end":{"line":25,"column":118}},"9":{"start":{"line":27,"column":24},"end":{"line":27,"column":33}},"10":{"start":{"line":28,"column":17},"end":{"line":28,"column":50}},"11":{"start":{"line":30,"column":4},"end":{"line":30,"column":27}},"12":{"start":{"line":32,"column":4},"end":{"line":43,"column":5}},"13":{"start":{"line":33,"column":36},"end":{"line":33,"column":57}},"14":{"start":{"line":34,"column":26},"end":{"line":34,"column":40}},"15":{"start":{"line":35,"column":21},"end":{"line":35,"column":79}},"16":{"start":{"line":37,"column":6},"end":{"line":40,"column":7}},"17":{"start":{"line":38,"column":8},"end":{"line":38,"column":38}},"18":{"start":{"line":39,"column":8},"end":{"line":39,"column":14}},"19":{"start":{"line":42,"column":6},"end":{"line":42,"column":36}},"20":{"start":{"line":47,"column":21},"end":{"line":47,"column":25}},"21":{"start":{"line":49,"column":4},"end":{"line":49,"column":47}},"22":{"start":{"line":53,"column":21},"end":{"line":53,"column":25}},"23":{"start":{"line":54,"column":15},"end":{"line":54,"column":17}},"24":{"start":{"line":56,"column":4},"end":{"line":56,"column":50}},"25":{"start":{"line":58,"column":4},"end":{"line":58,"column":15}}},"fnMap":{"0":{"name":"(anonymous_0)","decl":{"start":{"line":6,"column":2},"end":{"line":6,"column":3}},"loc":{"start":{"line":10,"column":4},"end":{"line":14,"column":3}},"line":10},"1":{"name":"(anonymous_1)","decl":{"start":{"line":16,"column":2},"end":{"line":16,"column":3}},"loc":{"start":{"line":16,"column":25},"end":{"line":22,"column":3}},"line":16},"2":{"name":"(anonymous_2)","decl":{"start":{"line":24,"column":2},"end":{"line":24,"column":3}},"loc":{"start":{"line":24,"column":18},"end":{"line":44,"column":3}},"line":24},"3":{"name":"(anonymous_3)","decl":{"start":{"line":46,"column":2},"end":{"line":46,"column":3}},"loc":{"start":{"line":46,"column":25},"end":{"line":50,"column":3}},"line":46},"4":{"name":"(anonymous_4)","decl":{"start":{"line":52,"column":2},"end":{"line":52,"column":3}},"loc":{"start":{"line":52,"column":28},"end":{"line":59,"column":3}},"line":52}},"branchMap":{"0":{"loc":{"start":{"line":7,"column":4},"end":{"line":7,"column":25}},"type":"default-arg","locations":[{"start":{"line":7,"column":24},"end":{"line":7,"column":25}}],"line":7},"1":{"loc":{"start":{"line":8,"column":4},"end":{"line":8,"column":38}},"type":"default-arg","locations":[{"start":{"line":8,"column":36},"end":{"line":8,"column":38}}],"line":8},"2":{"loc":{"start":{"line":13,"column":4},"end":{"line":13,"column":49}},"type":"if","locations":[{"start":{"line":13,"column":4},"end":{"line":13,"column":49}},{"start":{},"end":{}}],"line":13},"3":{"loc":{"start":{"line":17,"column":4},"end":{"line":17,"column":76}},"type":"if","locations":[{"start":{"line":17,"column":4},"end":{"line":17,"column":76}},{"start":{},"end":{}}],"line":17},"4":{"loc":{"start":{"line":25,"column":4},"end":{"line":25,"column":118}},"type":"if","locations":[{"start":{"line":25,"column":4},"end":{"line":25,"column":118}},{"start":{},"end":{}}],"line":25},"5":{"loc":{"start":{"line":32,"column":4},"end":{"line":43,"column":5}},"type":"if","locations":[{"start":{"line":32,"column":4},"end":{"line":43,"column":5}},{"start":{},"end":{}}],"line":32},"6":{"loc":{"start":{"line":37,"column":6},"end":{"line":40,"column":7}},"type":"if","locations":[{"start":{"line":37,"column":6},"end":{"line":40,"column":7}},{"start":{},"end":{}}],"line":37}},"s":{"0":9,"1":9,"2":0,"3":6,"4":1,"5":5,"6":14,"7":16,"8":1,"9":15,"10":15,"11":15,"12":15,"13":0,"14":0,"15":0,"16":0,"17":0,"18":0,"19":0,"20":3,"21":3,"22":2,"23":2,"24":2,"25":2},"f":{"0":9,"1":6,"2":16,"3":3,"4":2},"b":{"0":[0],"1":[9],"2":[0,9],"3":[1,5],"4":[1,15],"5":[0,15],"6":[0,0]},"_coverageSchema":"1a1c01bbd47fc00a2c39e90264f33305004495a9","hash":"979b1d8f545cacc08948d6f027a394910aa795c7"}
,"/Users/ferdiardiansa/Desktop/Development/zion.io/packages/dm/src/pg/DBTreeBase.ts": {"path":"/Users/ferdiardiansa/Desktop/Development/zion.io/packages/dm/src/pg/DBTreeBase.ts","statementMap":{"0":{"start":{"line":21,"column":17},"end":{"line":21,"column":45}},"1":{"start":{"line":22,"column":4},"end":{"line":22,"column":22}},"2":{"start":{"line":24,"column":4},"end":{"line":24,"column":20}},"3":{"start":{"line":26,"column":4},"end":{"line":26,"column":36}},"4":{"start":{"line":30,"column":4},"end":{"line":32,"column":5}},"5":{"start":{"line":31,"column":6},"end":{"line":31,"column":36}},"6":{"start":{"line":36,"column":4},"end":{"line":52,"column":5}},"7":{"start":{"line":37,"column":36},"end":{"line":37,"column":57}},"8":{"start":{"line":38,"column":26},"end":{"line":38,"column":55}},"9":{"start":{"line":40,"column":6},"end":{"line":40,"column":26}},"10":{"start":{"line":41,"column":6},"end":{"line":41,"column":86}},"11":{"start":{"line":43,"column":6},"end":{"line":43,"column":30}},"12":{"start":{"line":44,"column":6},"end":{"line":44,"column":58}},"13":{"start":{"line":46,"column":6},"end":{"line":49,"column":7}},"14":{"start":{"line":47,"column":8},"end":{"line":47,"column":78}},"15":{"start":{"line":48,"column":8},"end":{"line":48,"column":14}},"16":{"start":{"line":51,"column":6},"end":{"line":51,"column":76}},"17":{"start":{"line":56,"column":16},"end":{"line":56,"column":29}},"18":{"start":{"line":57,"column":21},"end":{"line":57,"column":25}},"19":{"start":{"line":58,"column":21},"end":{"line":58,"column":30}},"20":{"start":{"line":60,"column":22},"end":{"line":60,"column":55}},"21":{"start":{"line":61,"column":4},"end":{"line":61,"column":29}},"22":{"start":{"line":62,"column":4},"end":{"line":62,"column":42}},"23":{"start":{"line":63,"column":4},"end":{"line":63,"column":51}},"24":{"start":{"line":64,"column":4},"end":{"line":64,"column":27}},"25":{"start":{"line":66,"column":4},"end":{"line":66,"column":42}},"26":{"start":{"line":68,"column":4},"end":{"line":68,"column":32}},"27":{"start":{"line":72,"column":21},"end":{"line":72,"column":30}},"28":{"start":{"line":74,"column":4},"end":{"line":74,"column":43}},"29":{"start":{"line":78,"column":26},"end":{"line":78,"column":35}},"30":{"start":{"line":79,"column":45},"end":{"line":79,"column":51}},"31":{"start":{"line":81,"column":17},"end":{"line":81,"column":50}},"32":{"start":{"line":82,"column":4},"end":{"line":82,"column":37}},"33":{"start":{"line":83,"column":4},"end":{"line":83,"column":29}},"34":{"start":{"line":85,"column":4},"end":{"line":85,"column":52}},"35":{"start":{"line":86,"column":4},"end":{"line":86,"column":53}},"36":{"start":{"line":88,"column":4},"end":{"line":88,"column":46}},"37":{"start":{"line":92,"column":45},"end":{"line":92,"column":51}},"38":{"start":{"line":93,"column":23},"end":{"line":93,"column":38}},"39":{"start":{"line":95,"column":4},"end":{"line":95,"column":33}},"40":{"start":{"line":97,"column":4},"end":{"line":117,"column":5}},"41":{"start":{"line":98,"column":16},"end":{"line":98,"column":40}},"42":{"start":{"line":99,"column":27},"end":{"line":99,"column":72}},"43":{"start":{"line":101,"column":6},"end":{"line":116,"column":7}},"44":{"start":{"line":102,"column":8},"end":{"line":104,"column":9}},"45":{"start":{"line":106,"column":8},"end":{"line":108,"column":9}},"46":{"start":{"line":110,"column":8},"end":{"line":110,"column":13}},"47":{"start":{"line":111,"column":13},"end":{"line":116,"column":7}},"48":{"start":{"line":112,"column":8},"end":{"line":112,"column":39}},"49":{"start":{"line":113,"column":8},"end":{"line":113,"column":60}},"50":{"start":{"line":115,"column":8},"end":{"line":115,"column":13}},"51":{"start":{"line":119,"column":4},"end":{"line":119,"column":32}}},"fnMap":{"0":{"name":"(anonymous_0)","decl":{"start":{"line":17,"column":2},"end":{"line":17,"column":3}},"loc":{"start":{"line":20,"column":4},"end":{"line":27,"column":3}},"line":20},"1":{"name":"(anonymous_1)","decl":{"start":{"line":29,"column":2},"end":{"line":29,"column":3}},"loc":{"start":{"line":29,"column":40},"end":{"line":33,"column":3}},"line":29},"2":{"name":"(anonymous_2)","decl":{"start":{"line":35,"column":2},"end":{"line":35,"column":3}},"loc":{"start":{"line":35,"column":41},"end":{"line":53,"column":3}},"line":35},"3":{"name":"(anonymous_3)","decl":{"start":{"line":55,"column":2},"end":{"line":55,"column":3}},"loc":{"start":{"line":55,"column":70},"end":{"line":69,"column":3}},"line":55},"4":{"name":"(anonymous_4)","decl":{"start":{"line":71,"column":2},"end":{"line":71,"column":3}},"loc":{"start":{"line":71,"column":58},"end":{"line":75,"column":3}},"line":71},"5":{"name":"(anonymous_5)","decl":{"start":{"line":77,"column":2},"end":{"line":77,"column":3}},"loc":{"start":{"line":77,"column":64},"end":{"line":89,"column":3}},"line":77},"6":{"name":"(anonymous_6)","decl":{"start":{"line":91,"column":2},"end":{"line":91,"column":3}},"loc":{"start":{"line":91,"column":64},"end":{"line":120,"column":3}},"line":91}},"branchMap":{"0":{"loc":{"start":{"line":18,"column":11},"end":{"line":18,"column":32}},"type":"default-arg","locations":[{"start":{"line":18,"column":31},"end":{"line":18,"column":32}}],"line":18},"1":{"loc":{"start":{"line":19,"column":11},"end":{"line":19,"column":22}},"type":"default-arg","locations":[{"start":{"line":19,"column":20},"end":{"line":19,"column":22}}],"line":19},"2":{"loc":{"start":{"line":36,"column":4},"end":{"line":52,"column":5}},"type":"if","locations":[{"start":{"line":36,"column":4},"end":{"line":52,"column":5}},{"start":{},"end":{}}],"line":36},"3":{"loc":{"start":{"line":46,"column":6},"end":{"line":49,"column":7}},"type":"if","locations":[{"start":{"line":46,"column":6},"end":{"line":49,"column":7}},{"start":{},"end":{}}],"line":46},"4":{"loc":{"start":{"line":101,"column":6},"end":{"line":116,"column":7}},"type":"if","locations":[{"start":{"line":101,"column":6},"end":{"line":116,"column":7}},{"start":{"line":111,"column":13},"end":{"line":116,"column":7}}],"line":101},"5":{"loc":{"start":{"line":111,"column":13},"end":{"line":116,"column":7}},"type":"if","locations":[{"start":{"line":111,"column":13},"end":{"line":116,"column":7}},{"start":{},"end":{}}],"line":111}},"s":{"0":14,"1":14,"2":14,"3":14,"4":1,"5":1,"6":1,"7":0,"8":0,"9":0,"10":0,"11":0,"12":0,"13":0,"14":0,"15":0,"16":0,"17":1,"18":1,"19":1,"20":1,"21":1,"22":1,"23":1,"24":1,"25":1,"26":1,"27":2,"28":2,"29":0,"30":0,"31":0,"32":0,"33":0,"34":0,"35":0,"36":0,"37":0,"38":0,"39":0,"40":0,"41":0,"42":0,"43":0,"44":0,"45":0,"46":0,"47":0,"48":0,"49":0,"50":0,"51":0},"f":{"0":14,"1":1,"2":1,"3":1,"4":2,"5":0,"6":0},"b":{"0":[0],"1":[5],"2":[0,1],"3":[0,0],"4":[0,0],"5":[0,0]},"_coverageSchema":"1a1c01bbd47fc00a2c39e90264f33305004495a9","hash":"5e28f7d26371f71517ac52797093f477b01bd32b"}
,"/Users/ferdiardiansa/Desktop/Development/zion.io/packages/dm/src/pg/DBTreeNode.ts": {"path":"/Users/ferdiardiansa/Desktop/Development/zion.io/packages/dm/src/pg/DBTreeNode.ts","statementMap":{"0":{"start":{"line":5,"column":18},"end":{"line":5,"column":22}},"1":{"start":{"line":7,"column":9},"end":{"line":7,"column":11}},"2":{"start":{"line":8,"column":11},"end":{"line":8,"column":13}},"3":{"start":{"line":9,"column":9},"end":{"line":9,"column":13}},"4":{"start":{"line":10,"column":11},"end":{"line":10,"column":15}},"5":{"start":{"line":11,"column":11},"end":{"line":11,"column":16}},"6":{"start":{"line":18,"column":4},"end":{"line":18,"column":56}},"7":{"start":{"line":22,"column":4},"end":{"line":22,"column":40}},"8":{"start":{"line":26,"column":4},"end":{"line":26,"column":29}},"9":{"start":{"line":30,"column":30},"end":{"line":30,"column":34}},"10":{"start":{"line":32,"column":15},"end":{"line":32,"column":34}},"11":{"start":{"line":34,"column":4},"end":{"line":48,"column":5}},"12":{"start":{"line":35,"column":16},"end":{"line":35,"column":35}},"13":{"start":{"line":37,"column":6},"end":{"line":47,"column":7}},"14":{"start":{"line":38,"column":18},"end":{"line":38,"column":24}},"15":{"start":{"line":40,"column":8},"end":{"line":46,"column":9}},"16":{"start":{"line":41,"column":10},"end":{"line":41,"column":29}},"17":{"start":{"line":42,"column":10},"end":{"line":42,"column":15}},"18":{"start":{"line":43,"column":15},"end":{"line":46,"column":9}},"19":{"start":{"line":44,"column":10},"end":{"line":44,"column":33}},"20":{"start":{"line":45,"column":10},"end":{"line":45,"column":15}},"21":{"start":{"line":50,"column":4},"end":{"line":50,"column":15}},"22":{"start":{"line":54,"column":38},"end":{"line":54,"column":42}},"23":{"start":{"line":56,"column":4},"end":{"line":60,"column":5}},"24":{"start":{"line":57,"column":6},"end":{"line":57,"column":28}},"25":{"start":{"line":58,"column":6},"end":{"line":58,"column":41}},"26":{"start":{"line":59,"column":6},"end":{"line":59,"column":12}},"27":{"start":{"line":62,"column":4},"end":{"line":77,"column":5}},"28":{"start":{"line":63,"column":16},"end":{"line":63,"column":30}},"29":{"start":{"line":64,"column":12},"end":{"line":64,"column":30}},"30":{"start":{"line":66,"column":6},"end":{"line":76,"column":7}},"31":{"start":{"line":67,"column":8},"end":{"line":67,"column":75}},"32":{"start":{"line":69,"column":8},"end":{"line":69,"column":64}},"33":{"start":{"line":71,"column":8},"end":{"line":71,"column":13}},"34":{"start":{"line":72,"column":13},"end":{"line":76,"column":7}},"35":{"start":{"line":73,"column":8},"end":{"line":73,"column":30}},"36":{"start":{"line":74,"column":8},"end":{"line":74,"column":43}},"37":{"start":{"line":75,"column":8},"end":{"line":75,"column":13}},"38":{"start":{"line":81,"column":17},"end":{"line":81,"column":36}},"39":{"start":{"line":83,"column":25},"end":{"line":89,"column":5}},"40":{"start":{"line":84,"column":6},"end":{"line":84,"column":61}},"41":{"start":{"line":84,"column":30},"end":{"line":84,"column":61}},"42":{"start":{"line":86,"column":6},"end":{"line":86,"column":66}},"43":{"start":{"line":88,"column":6},"end":{"line":88,"column":24}},"44":{"start":{"line":91,"column":4},"end":{"line":91,"column":29}}},"fnMap":{"0":{"name":"(anonymous_0)","decl":{"start":{"line":13,"column":2},"end":{"line":13,"column":3}},"loc":{"start":{"line":13,"column":40},"end":{"line":13,"column":42}},"line":13},"1":{"name":"(anonymous_1)","decl":{"start":{"line":17,"column":2},"end":{"line":17,"column":3}},"loc":{"start":{"line":17,"column":15},"end":{"line":19,"column":3}},"line":17},"2":{"name":"(anonymous_2)","decl":{"start":{"line":21,"column":2},"end":{"line":21,"column":3}},"loc":{"start":{"line":21,"column":11},"end":{"line":23,"column":3}},"line":21},"3":{"name":"(anonymous_3)","decl":{"start":{"line":25,"column":2},"end":{"line":25,"column":3}},"loc":{"start":{"line":25,"column":17},"end":{"line":27,"column":3}},"line":25},"4":{"name":"(anonymous_4)","decl":{"start":{"line":29,"column":2},"end":{"line":29,"column":3}},"loc":{"start":{"line":29,"column":43},"end":{"line":51,"column":3}},"line":29},"5":{"name":"(anonymous_5)","decl":{"start":{"line":53,"column":2},"end":{"line":53,"column":3}},"loc":{"start":{"line":53,"column":24},"end":{"line":78,"column":3}},"line":53},"6":{"name":"(anonymous_6)","decl":{"start":{"line":80,"column":2},"end":{"line":80,"column":3}},"loc":{"start":{"line":80,"column":21},"end":{"line":92,"column":3}},"line":80},"7":{"name":"(anonymous_7)","decl":{"start":{"line":83,"column":25},"end":{"line":83,"column":26}},"loc":{"start":{"line":83,"column":68},"end":{"line":89,"column":5}},"line":83}},"branchMap":{"0":{"loc":{"start":{"line":40,"column":8},"end":{"line":46,"column":9}},"type":"if","locations":[{"start":{"line":40,"column":8},"end":{"line":46,"column":9}},{"start":{"line":43,"column":15},"end":{"line":46,"column":9}}],"line":40},"1":{"loc":{"start":{"line":43,"column":15},"end":{"line":46,"column":9}},"type":"if","locations":[{"start":{"line":43,"column":15},"end":{"line":46,"column":9}},{"start":{},"end":{}}],"line":43},"2":{"loc":{"start":{"line":56,"column":4},"end":{"line":60,"column":5}},"type":"if","locations":[{"start":{"line":56,"column":4},"end":{"line":60,"column":5}},{"start":{},"end":{}}],"line":56},"3":{"loc":{"start":{"line":66,"column":6},"end":{"line":76,"column":7}},"type":"if","locations":[{"start":{"line":66,"column":6},"end":{"line":76,"column":7}},{"start":{"line":72,"column":13},"end":{"line":76,"column":7}}],"line":66},"4":{"loc":{"start":{"line":72,"column":13},"end":{"line":76,"column":7}},"type":"if","locations":[{"start":{"line":72,"column":13},"end":{"line":76,"column":7}},{"start":{},"end":{}}],"line":72},"5":{"loc":{"start":{"line":84,"column":6},"end":{"line":84,"column":61}},"type":"if","locations":[{"start":{"line":84,"column":6},"end":{"line":84,"column":61}},{"start":{},"end":{}}],"line":84}},"s":{"0":37,"1":37,"2":37,"3":37,"4":37,"5":37,"6":16,"7":2,"8":0,"9":18,"10":18,"11":18,"12":0,"13":0,"14":0,"15":0,"16":0,"17":0,"18":0,"19":0,"20":0,"21":18,"22":27,"23":27,"24":9,"25":9,"26":9,"27":18,"28":32,"29":32,"30":32,"31":2,"32":2,"33":2,"34":30,"35":16,"36":16,"37":16,"38":3,"39":3,"40":3,"41":3,"42":0,"43":0,"44":3},"f":{"0":37,"1":16,"2":2,"3":0,"4":18,"5":27,"6":3,"7":3},"b":{"0":[0,0],"1":[0,0],"2":[9,18],"3":[2,30],"4":[16,14],"5":[3,0]},"_coverageSchema":"1a1c01bbd47fc00a2c39e90264f33305004495a9","hash":"d8e4462d648f7eb9bf46a6de5c58f8efce8f571a"}
,"/Users/ferdiardiansa/Desktop/Development/zion.io/packages/dm/src/pg/DBTreeSearch.ts": {"path":"/Users/ferdiardiansa/Desktop/Development/zion.io/packages/dm/src/pg/DBTreeSearch.ts","statementMap":{"0":{"start":{"line":6,"column":17},"end":{"line":9,"column":3}},"1":{"start":{"line":12,"column":24},"end":{"line":12,"column":49}},"2":{"start":{"line":14,"column":4},"end":{"line":14,"column":33}},"3":{"start":{"line":14,"column":21},"end":{"line":14,"column":33}},"4":{"start":{"line":16,"column":4},"end":{"line":22,"column":5}},"5":{"start":{"line":17,"column":30},"end":{"line":17,"column":45}},"6":{"start":{"line":19,"column":6},"end":{"line":21,"column":7}},"7":{"start":{"line":20,"column":8},"end":{"line":20,"column":31}},"8":{"start":{"line":24,"column":4},"end":{"line":24,"column":43}},"9":{"start":{"line":28,"column":4},"end":{"line":30,"column":5}},"10":{"start":{"line":29,"column":6},"end":{"line":29,"column":64}},"11":{"start":{"line":38,"column":4},"end":{"line":38,"column":45}},"12":{"start":{"line":38,"column":33},"end":{"line":38,"column":45}},"13":{"start":{"line":40,"column":43},"end":{"line":40,"column":48}},"14":{"start":{"line":41,"column":29},"end":{"line":41,"column":33}},"15":{"start":{"line":43,"column":4},"end":{"line":43,"column":30}},"16":{"start":{"line":43,"column":17},"end":{"line":43,"column":30}},"17":{"start":{"line":45,"column":4},"end":{"line":78,"column":5}},"18":{"start":{"line":46,"column":27},"end":{"line":46,"column":47}},"19":{"start":{"line":47,"column":17},"end":{"line":47,"column":65}},"20":{"start":{"line":49,"column":6},"end":{"line":49,"column":71}},"21":{"start":{"line":49,"column":63},"end":{"line":49,"column":71}},"22":{"start":{"line":51,"column":6},"end":{"line":53,"column":7}},"23":{"start":{"line":52,"column":8},"end":{"line":52,"column":67}},"24":{"start":{"line":55,"column":24},"end":{"line":59,"column":8}},"25":{"start":{"line":61,"column":6},"end":{"line":61,"column":57}},"26":{"start":{"line":63,"column":6},"end":{"line":75,"column":7}},"27":{"start":{"line":64,"column":8},"end":{"line":64,"column":24}},"28":{"start":{"line":66,"column":8},"end":{"line":70,"column":9}},"29":{"start":{"line":67,"column":10},"end":{"line":67,"column":32}},"30":{"start":{"line":69,"column":10},"end":{"line":69,"column":54}},"31":{"start":{"line":72,"column":8},"end":{"line":72,"column":31}},"32":{"start":{"line":74,"column":8},"end":{"line":74,"column":54}},"33":{"start":{"line":77,"column":6},"end":{"line":77,"column":48}},"34":{"start":{"line":80,"column":4},"end":{"line":80,"column":17}},"35":{"start":{"line":84,"column":25},"end":{"line":84,"column":48}},"36":{"start":{"line":86,"column":26},"end":{"line":94,"column":5}},"37":{"start":{"line":87,"column":6},"end":{"line":87,"column":30}},"38":{"start":{"line":87,"column":17},"end":{"line":87,"column":30}},"39":{"start":{"line":89,"column":6},"end":{"line":89,"column":43}},"40":{"start":{"line":91,"column":6},"end":{"line":91,"column":31}},"41":{"start":{"line":91,"column":18},"end":{"line":91,"column":31}},"42":{"start":{"line":93,"column":6},"end":{"line":93,"column":45}},"43":{"start":{"line":96,"column":4},"end":{"line":96,"column":45}},"44":{"start":{"line":100,"column":34},"end":{"line":100,"column":39}},"45":{"start":{"line":101,"column":25},"end":{"line":101,"column":62}},"46":{"start":{"line":103,"column":4},"end":{"line":103,"column":47}},"47":{"start":{"line":107,"column":4},"end":{"line":107,"column":33}},"48":{"start":{"line":107,"column":22},"end":{"line":107,"column":33}},"49":{"start":{"line":109,"column":33},"end":{"line":109,"column":37}},"50":{"start":{"line":110,"column":21},"end":{"line":110,"column":25}},"51":{"start":{"line":111,"column":34},"end":{"line":111,"column":39}},"52":{"start":{"line":114,"column":4},"end":{"line":124,"column":5}},"53":{"start":{"line":115,"column":21},"end":{"line":115,"column":31}},"54":{"start":{"line":117,"column":6},"end":{"line":119,"column":7}},"55":{"start":{"line":118,"column":8},"end":{"line":118,"column":57}},"56":{"start":{"line":121,"column":6},"end":{"line":123,"column":7}},"57":{"start":{"line":122,"column":8},"end":{"line":122,"column":57}},"58":{"start":{"line":126,"column":19},"end":{"line":126,"column":45}},"59":{"start":{"line":128,"column":4},"end":{"line":128,"column":36}},"60":{"start":{"line":130,"column":4},"end":{"line":130,"column":25}},"61":{"start":{"line":134,"column":4},"end":{"line":134,"column":31}},"62":{"start":{"line":134,"column":22},"end":{"line":134,"column":31}},"63":{"start":{"line":136,"column":33},"end":{"line":136,"column":37}},"64":{"start":{"line":137,"column":34},"end":{"line":137,"column":39}},"65":{"start":{"line":138,"column":20},"end":{"line":138,"column":22}},"66":{"start":{"line":140,"column":4},"end":{"line":150,"column":5}},"67":{"start":{"line":141,"column":21},"end":{"line":141,"column":39}},"68":{"start":{"line":143,"column":6},"end":{"line":149,"column":7}},"69":{"start":{"line":144,"column":8},"end":{"line":146,"column":9}},"70":{"start":{"line":145,"column":10},"end":{"line":145,"column":42}},"71":{"start":{"line":148,"column":8},"end":{"line":148,"column":28}},"72":{"start":{"line":152,"column":4},"end":{"line":152,"column":18}},"73":{"start":{"line":158,"column":4},"end":{"line":158,"column":27}},"74":{"start":{"line":160,"column":4},"end":{"line":160,"column":77}},"75":{"start":{"line":160,"column":29},"end":{"line":160,"column":77}},"76":{"start":{"line":162,"column":22},"end":{"line":162,"column":27}},"77":{"start":{"line":164,"column":4},"end":{"line":165,"column":47}},"78":{"start":{"line":164,"column":23},"end":{"line":164,"column":58}},"79":{"start":{"line":165,"column":9},"end":{"line":165,"column":47}},"80":{"start":{"line":167,"column":4},"end":{"line":167,"column":17}},"81":{"start":{"line":171,"column":22},"end":{"line":171,"column":45}},"82":{"start":{"line":172,"column":20},"end":{"line":172,"column":22}},"83":{"start":{"line":174,"column":4},"end":{"line":174,"column":27}},"84":{"start":{"line":176,"column":27},"end":{"line":186,"column":5}},"85":{"start":{"line":177,"column":6},"end":{"line":177,"column":35}},"86":{"start":{"line":177,"column":24},"end":{"line":177,"column":35}},"87":{"start":{"line":179,"column":21},"end":{"line":179,"column":57}},"88":{"start":{"line":181,"column":6},"end":{"line":183,"column":7}},"89":{"start":{"line":182,"column":8},"end":{"line":182,"column":28}},"90":{"start":{"line":185,"column":6},"end":{"line":185,"column":51}},"91":{"start":{"line":188,"column":4},"end":{"line":188,"column":45}}},"fnMap":{"0":{"name":"(anonymous_0)","decl":{"start":{"line":11,"column":2},"end":{"line":11,"column":3}},"loc":{"start":{"line":11,"column":62},"end":{"line":25,"column":3}},"line":11},"1":{"name":"(anonymous_1)","decl":{"start":{"line":27,"column":2},"end":{"line":27,"column":3}},"loc":{"start":{"line":27,"column":66},"end":{"line":31,"column":3}},"line":27},"2":{"name":"(anonymous_2)","decl":{"start":{"line":33,"column":2},"end":{"line":33,"column":3}},"loc":{"start":{"line":37,"column":4},"end":{"line":81,"column":3}},"line":37},"3":{"name":"(anonymous_3)","decl":{"start":{"line":83,"column":2},"end":{"line":83,"column":3}},"loc":{"start":{"line":83,"column":51},"end":{"line":97,"column":3}},"line":83},"4":{"name":"(anonymous_4)","decl":{"start":{"line":86,"column":26},"end":{"line":86,"column":27}},"loc":{"start":{"line":86,"column":63},"end":{"line":94,"column":5}},"line":86},"5":{"name":"(anonymous_5)","decl":{"start":{"line":99,"column":2},"end":{"line":99,"column":3}},"loc":{"start":{"line":99,"column":48},"end":{"line":104,"column":3}},"line":99},"6":{"name":"(anonymous_6)","decl":{"start":{"line":106,"column":2},"end":{"line":106,"column":3}},"loc":{"start":{"line":106,"column":50},"end":{"line":131,"column":3}},"line":106},"7":{"name":"(anonymous_7)","decl":{"start":{"line":117,"column":63},"end":{"line":117,"column":64}},"loc":{"start":{"line":118,"column":8},"end":{"line":118,"column":57}},"line":118},"8":{"name":"(anonymous_8)","decl":{"start":{"line":121,"column":68},"end":{"line":121,"column":69}},"loc":{"start":{"line":122,"column":8},"end":{"line":122,"column":57}},"line":122},"9":{"name":"(anonymous_9)","decl":{"start":{"line":133,"column":2},"end":{"line":133,"column":3}},"loc":{"start":{"line":133,"column":51},"end":{"line":153,"column":3}},"line":133},"10":{"name":"(anonymous_10)","decl":{"start":{"line":155,"column":2},"end":{"line":155,"column":3}},"loc":{"start":{"line":155,"column":61},"end":{"line":168,"column":3}},"line":155},"11":{"name":"(anonymous_11)","decl":{"start":{"line":170,"column":2},"end":{"line":170,"column":3}},"loc":{"start":{"line":170,"column":54},"end":{"line":189,"column":3}},"line":170},"12":{"name":"(anonymous_12)","decl":{"start":{"line":176,"column":27},"end":{"line":176,"column":28}},"loc":{"start":{"line":176,"column":68},"end":{"line":186,"column":5}},"line":176}},"branchMap":{"0":{"loc":{"start":{"line":14,"column":4},"end":{"line":14,"column":33}},"type":"if","locations":[{"start":{"line":14,"column":4},"end":{"line":14,"column":33}},{"start":{},"end":{}}],"line":14},"1":{"loc":{"start":{"line":19,"column":6},"end":{"line":21,"column":7}},"type":"if","locations":[{"start":{"line":19,"column":6},"end":{"line":21,"column":7}},{"start":{},"end":{}}],"line":19},"2":{"loc":{"start":{"line":28,"column":4},"end":{"line":30,"column":5}},"type":"if","locations":[{"start":{"line":28,"column":4},"end":{"line":30,"column":5}},{"start":{},"end":{}}],"line":28},"3":{"loc":{"start":{"line":29,"column":36},"end":{"line":29,"column":64}},"type":"binary-expr","locations":[{"start":{"line":29,"column":36},"end":{"line":29,"column":59}},{"start":{"line":29,"column":63},"end":{"line":29,"column":64}}],"line":29},"4":{"loc":{"start":{"line":36,"column":4},"end":{"line":36,"column":50}},"type":"default-arg","locations":[{"start":{"line":36,"column":41},"end":{"line":36,"column":50}}],"line":36},"5":{"loc":{"start":{"line":38,"column":4},"end":{"line":38,"column":45}},"type":"if","locations":[{"start":{"line":38,"column":4},"end":{"line":38,"column":45}},{"start":{},"end":{}}],"line":38},"6":{"loc":{"start":{"line":43,"column":4},"end":{"line":43,"column":30}},"type":"if","locations":[{"start":{"line":43,"column":4},"end":{"line":43,"column":30}},{"start":{},"end":{}}],"line":43},"7":{"loc":{"start":{"line":49,"column":6},"end":{"line":49,"column":71}},"type":"if","locations":[{"start":{"line":49,"column":6},"end":{"line":49,"column":71}},{"start":{},"end":{}}],"line":49},"8":{"loc":{"start":{"line":51,"column":6},"end":{"line":53,"column":7}},"type":"if","locations":[{"start":{"line":51,"column":6},"end":{"line":53,"column":7}},{"start":{},"end":{}}],"line":51},"9":{"loc":{"start":{"line":63,"column":6},"end":{"line":75,"column":7}},"type":"if","locations":[{"start":{"line":63,"column":6},"end":{"line":75,"column":7}},{"start":{"line":71,"column":13},"end":{"line":75,"column":7}}],"line":63},"10":{"loc":{"start":{"line":87,"column":6},"end":{"line":87,"column":30}},"type":"if","locations":[{"start":{"line":87,"column":6},"end":{"line":87,"column":30}},{"start":{},"end":{}}],"line":87},"11":{"loc":{"start":{"line":91,"column":6},"end":{"line":91,"column":31}},"type":"if","locations":[{"start":{"line":91,"column":6},"end":{"line":91,"column":31}},{"start":{},"end":{}}],"line":91},"12":{"loc":{"start":{"line":107,"column":4},"end":{"line":107,"column":33}},"type":"if","locations":[{"start":{"line":107,"column":4},"end":{"line":107,"column":33}},{"start":{},"end":{}}],"line":107},"13":{"loc":{"start":{"line":114,"column":4},"end":{"line":124,"column":5}},"type":"if","locations":[{"start":{"line":114,"column":4},"end":{"line":124,"column":5}},{"start":{"line":120,"column":11},"end":{"line":124,"column":5}}],"line":114},"14":{"loc":{"start":{"line":130,"column":11},"end":{"line":130,"column":25}},"type":"binary-expr","locations":[{"start":{"line":130,"column":11},"end":{"line":130,"column":17}},{"start":{"line":130,"column":21},"end":{"line":130,"column":25}}],"line":130},"15":{"loc":{"start":{"line":134,"column":4},"end":{"line":134,"column":31}},"type":"if","locations":[{"start":{"line":134,"column":4},"end":{"line":134,"column":31}},{"start":{},"end":{}}],"line":134},"16":{"loc":{"start":{"line":143,"column":6},"end":{"line":149,"column":7}},"type":"if","locations":[{"start":{"line":143,"column":6},"end":{"line":149,"column":7}},{"start":{},"end":{}}],"line":143},"17":{"loc":{"start":{"line":144,"column":8},"end":{"line":146,"column":9}},"type":"if","locations":[{"start":{"line":144,"column":8},"end":{"line":146,"column":9}},{"start":{},"end":{}}],"line":144},"18":{"loc":{"start":{"line":160,"column":4},"end":{"line":160,"column":77}},"type":"if","locations":[{"start":{"line":160,"column":4},"end":{"line":160,"column":77}},{"start":{},"end":{}}],"line":160},"19":{"loc":{"start":{"line":164,"column":4},"end":{"line":165,"column":47}},"type":"if","locations":[{"start":{"line":164,"column":4},"end":{"line":165,"column":47}},{"start":{"line":165,"column":9},"end":{"line":165,"column":47}}],"line":164},"20":{"loc":{"start":{"line":177,"column":6},"end":{"line":177,"column":35}},"type":"if","locations":[{"start":{"line":177,"column":6},"end":{"line":177,"column":35}},{"start":{},"end":{}}],"line":177},"21":{"loc":{"start":{"line":181,"column":6},"end":{"line":183,"column":7}},"type":"if","locations":[{"start":{"line":181,"column":6},"end":{"line":183,"column":7}},{"start":{},"end":{}}],"line":181}},"s":{"0":28,"1":12,"2":12,"3":1,"4":11,"5":11,"6":11,"7":4,"8":11,"9":0,"10":0,"11":3,"12":3,"13":0,"14":0,"15":0,"16":0,"17":0,"18":0,"19":0,"20":0,"21":0,"22":0,"23":0,"24":0,"25":0,"26":0,"27":0,"28":0,"29":0,"30":0,"31":0,"32":0,"33":0,"34":0,"35":1,"36":1,"37":2,"38":1,"39":1,"40":1,"41":0,"42":1,"43":1,"44":2,"45":2,"46":2,"47":3,"48":0,"49":3,"50":3,"51":3,"52":3,"53":2,"54":2,"55":2,"56":1,"57":2,"58":3,"59":3,"60":3,"61":2,"62":0,"63":2,"64":2,"65":2,"66":2,"67":8,"68":8,"69":3,"70":0,"71":3,"72":2,"73":3,"74":3,"75":0,"76":3,"77":3,"78":2,"79":1,"80":3,"81":2,"82":2,"83":2,"84":2,"85":4,"86":2,"87":2,"88":2,"89":2,"90":2,"91":2},"f":{"0":12,"1":0,"2":3,"3":1,"4":2,"5":2,"6":3,"7":2,"8":2,"9":2,"10":3,"11":2,"12":4},"b":{"0":[1,11],"1":[4,7],"2":[0,0],"3":[0,0],"4":[3],"5":[3,0],"6":[0,0],"7":[0,0],"8":[0,0],"9":[0,0],"10":[1,1],"11":[0,1],"12":[0,3],"13":[2,1],"14":[3,2],"15":[0,2],"16":[3,5],"17":[0,3],"18":[0,3],"19":[2,1],"20":[2,2],"21":[2,0]},"_coverageSchema":"1a1c01bbd47fc00a2c39e90264f33305004495a9","hash":"67199caf67f30542de48b76d0f611392f1337305"}
}
