TN:
SF:src/libs/utils/index.ts
FNF:0
FNH:0
LF:0
LH:0
BRF:0
BRH:0
end_of_record
TN:
SF:src/libs/utils/object/index.ts
FN:9,insertObjectAt
FN:19,isIterable
FNF:2
FNH:2
FNDA:5,insertObjectAt
FNDA:6,isIterable
DA:10,5
DA:20,6
DA:21,6
LF:3
LH:3
BRDA:20,0,0,0
BRDA:20,0,1,6
BRF:2
BRH:1
end_of_record
TN:
SF:src/libs/utils/search/index.ts
FN:3,findWithIterative
FN:15,findWithBinary
FN:21,(anonymous_2)
FNF:3
FNH:3
FNDA:8,findWithIterative
FNDA:10,findWithBinary
FNDA:21,(anonymous_2)
DA:4,8
DA:5,25
DA:6,5
DA:7,2
DA:9,20
DA:12,2
DA:20,10
DA:21,10
DA:22,21
DA:24,20
DA:26,19
DA:28,19
DA:29,4
DA:30,15
DA:31,7
DA:33,8
DA:37,10
DA:39,10
DA:40,5
DA:41,3
DA:44,5
LF:21
LH:21
BRDA:5,0,0,5
BRDA:5,0,1,20
BRDA:6,1,0,2
BRDA:6,1,1,3
BRDA:9,2,0,4
BRDA:9,2,1,16
BRDA:20,3,0,0
BRDA:20,3,1,10
BRDA:21,4,0,10
BRDA:21,5,0,10
BRDA:22,6,0,1
BRDA:22,6,1,20
BRDA:24,7,0,1
BRDA:24,7,1,19
BRDA:28,8,0,4
BRDA:28,8,1,15
BRDA:30,9,0,7
BRDA:30,9,1,8
BRDA:39,10,0,5
BRDA:39,10,1,5
BRDA:40,11,0,2
BRDA:40,11,1,3
BRF:22
BRH:21
end_of_record
TN:
SF:src/pg/DBTree.ts
FN:6,(anonymous_0)
FN:16,(anonymous_1)
FN:24,(anonymous_2)
FN:46,(anonymous_3)
FN:52,(anonymous_4)
FNF:5
FNH:5
FNDA:9,(anonymous_0)
FNDA:6,(anonymous_1)
FNDA:16,(anonymous_2)
FNDA:3,(anonymous_3)
FNDA:2,(anonymous_4)
DA:11,9
DA:13,9
DA:17,6
DA:19,5
DA:20,14
DA:25,16
DA:27,15
DA:28,15
DA:30,15
DA:32,15
DA:33,0
DA:34,0
DA:35,0
DA:37,0
DA:38,0
DA:39,0
DA:42,0
DA:47,3
DA:49,3
DA:53,2
DA:54,2
DA:56,2
DA:58,2
LF:23
LH:16
BRDA:7,0,0,0
BRDA:8,1,0,9
BRDA:13,2,0,0
BRDA:13,2,1,9
BRDA:17,3,0,1
BRDA:17,3,1,5
BRDA:25,4,0,1
BRDA:25,4,1,15
BRDA:32,5,0,0
BRDA:32,5,1,15
BRDA:37,6,0,0
BRDA:37,6,1,0
BRF:12
BRH:7
end_of_record
TN:
SF:src/pg/DBTreeBase.ts
FN:17,(anonymous_0)
FN:29,(anonymous_1)
FN:35,(anonymous_2)
FN:55,(anonymous_3)
FN:71,(anonymous_4)
FN:77,(anonymous_5)
FN:91,(anonymous_6)
FNF:7
FNH:5
FNDA:14,(anonymous_0)
FNDA:1,(anonymous_1)
FNDA:1,(anonymous_2)
FNDA:1,(anonymous_3)
FNDA:2,(anonymous_4)
FNDA:0,(anonymous_5)
FNDA:0,(anonymous_6)
DA:21,14
DA:22,14
DA:24,14
DA:26,14
DA:30,1
DA:31,1
DA:36,1
DA:37,0
DA:38,0
DA:40,0
DA:41,0
DA:43,0
DA:44,0
DA:46,0
DA:47,0
DA:48,0
DA:51,0
DA:56,1
DA:57,1
DA:58,1
DA:60,1
DA:61,1
DA:62,1
DA:63,1
DA:64,1
DA:66,1
DA:68,1
DA:72,2
DA:74,2
DA:78,0
DA:79,0
DA:81,0
DA:82,0
DA:83,0
DA:85,0
DA:86,0
DA:88,0
DA:92,0
DA:93,0
DA:95,0
DA:97,0
DA:98,0
DA:99,0
DA:101,0
DA:102,0
DA:106,0
DA:110,0
DA:111,0
DA:112,0
DA:113,0
DA:115,0
DA:119,0
LF:52
LH:19
BRDA:18,0,0,0
BRDA:19,1,0,5
BRDA:36,2,0,0
BRDA:36,2,1,1
BRDA:46,3,0,0
BRDA:46,3,1,0
BRDA:101,4,0,0
BRDA:101,4,1,0
BRDA:111,5,0,0
BRDA:111,5,1,0
BRF:10
BRH:2
end_of_record
TN:
SF:src/pg/DBTreeNode.ts
FN:13,(anonymous_0)
FN:17,(anonymous_1)
FN:21,(anonymous_2)
FN:25,(anonymous_3)
FN:29,(anonymous_4)
FN:53,(anonymous_5)
FN:80,(anonymous_6)
FN:83,(anonymous_7)
FNF:8
FNH:7
FNDA:37,(anonymous_0)
FNDA:16,(anonymous_1)
FNDA:2,(anonymous_2)
FNDA:0,(anonymous_3)
FNDA:18,(anonymous_4)
FNDA:27,(anonymous_5)
FNDA:3,(anonymous_6)
FNDA:3,(anonymous_7)
DA:5,37
DA:7,37
DA:8,37
DA:9,37
DA:10,37
DA:11,37
DA:18,16
DA:22,2
DA:26,0
DA:30,18
DA:32,18
DA:34,18
DA:35,0
DA:37,0
DA:38,0
DA:40,0
DA:41,0
DA:42,0
DA:43,0
DA:44,0
DA:45,0
DA:50,18
DA:54,27
DA:56,27
DA:57,9
DA:58,9
DA:59,9
DA:62,18
DA:63,32
DA:64,32
DA:66,32
DA:67,2
DA:69,2
DA:71,2
DA:72,30
DA:73,16
DA:74,16
DA:75,16
DA:81,3
DA:83,3
DA:84,3
DA:86,0
DA:88,0
DA:91,3
LF:44
LH:32
BRDA:40,0,0,0
BRDA:40,0,1,0
BRDA:43,1,0,0
BRDA:43,1,1,0
BRDA:56,2,0,9
BRDA:56,2,1,18
BRDA:66,3,0,2
BRDA:66,3,1,30
BRDA:72,4,0,16
BRDA:72,4,1,14
BRDA:84,5,0,3
BRDA:84,5,1,0
BRF:12
BRH:7
end_of_record
TN:
SF:src/pg/DBTreeSearch.ts
FN:11,(anonymous_0)
FN:27,(anonymous_1)
FN:33,(anonymous_2)
FN:83,(anonymous_3)
FN:86,(anonymous_4)
FN:99,(anonymous_5)
FN:106,(anonymous_6)
FN:117,(anonymous_7)
FN:121,(anonymous_8)
FN:133,(anonymous_9)
FN:155,(anonymous_10)
FN:170,(anonymous_11)
FN:176,(anonymous_12)
FNF:13
FNH:12
FNDA:12,(anonymous_0)
FNDA:0,(anonymous_1)
FNDA:3,(anonymous_2)
FNDA:1,(anonymous_3)
FNDA:2,(anonymous_4)
FNDA:2,(anonymous_5)
FNDA:3,(anonymous_6)
FNDA:2,(anonymous_7)
FNDA:2,(anonymous_8)
FNDA:2,(anonymous_9)
FNDA:3,(anonymous_10)
FNDA:2,(anonymous_11)
FNDA:4,(anonymous_12)
DA:6,28
DA:12,12
DA:14,12
DA:16,11
DA:17,11
DA:19,11
DA:20,4
DA:24,11
DA:28,0
DA:29,0
DA:38,3
DA:40,0
DA:41,0
DA:43,0
DA:45,0
DA:46,0
DA:47,0
DA:49,0
DA:51,0
DA:52,0
DA:55,0
DA:61,0
DA:63,0
DA:64,0
DA:66,0
DA:67,0
DA:69,0
DA:72,0
DA:74,0
DA:77,0
DA:80,0
DA:84,1
DA:86,1
DA:87,2
DA:89,1
DA:91,1
DA:93,1
DA:96,1
DA:100,2
DA:101,2
DA:103,2
DA:107,3
DA:109,3
DA:110,3
DA:111,3
DA:114,3
DA:115,2
DA:117,2
DA:118,2
DA:121,1
DA:122,2
DA:126,3
DA:128,3
DA:130,3
DA:134,2
DA:136,2
DA:137,2
DA:138,2
DA:140,2
DA:141,8
DA:143,8
DA:144,3
DA:145,0
DA:148,3
DA:152,2
DA:158,3
DA:160,3
DA:162,3
DA:164,3
DA:165,1
DA:167,3
DA:171,2
DA:172,2
DA:174,2
DA:176,2
DA:177,4
DA:179,2
DA:181,2
DA:182,2
DA:185,2
DA:188,2
LF:81
LH:58
BRDA:14,0,0,1
BRDA:14,0,1,11
BRDA:19,1,0,4
BRDA:19,1,1,7
BRDA:28,2,0,0
BRDA:28,2,1,0
BRDA:29,3,0,0
BRDA:29,3,1,0
BRDA:36,4,0,3
BRDA:38,5,0,3
BRDA:38,5,1,0
BRDA:43,6,0,0
BRDA:43,6,1,0
BRDA:49,7,0,0
BRDA:49,7,1,0
BRDA:51,8,0,0
BRDA:51,8,1,0
BRDA:63,9,0,0
BRDA:63,9,1,0
BRDA:87,10,0,1
BRDA:87,10,1,1
BRDA:91,11,0,0
BRDA:91,11,1,1
BRDA:107,12,0,0
BRDA:107,12,1,3
BRDA:114,13,0,2
BRDA:114,13,1,1
BRDA:130,14,0,3
BRDA:130,14,1,2
BRDA:134,15,0,0
BRDA:134,15,1,2
BRDA:143,16,0,3
BRDA:143,16,1,5
BRDA:144,17,0,0
BRDA:144,17,1,3
BRDA:160,18,0,0
BRDA:160,18,1,3
BRDA:164,19,0,2
BRDA:164,19,1,1
BRDA:177,20,0,2
BRDA:177,20,1,2
BRDA:181,21,0,2
BRDA:181,21,1,0
BRF:43
BRH:24
end_of_record
